SysError in <TFile::ReadBuffer>: error reading from file /eos/home-n/nschroed/Higgs_Mass_UL/WorkspaceTest/Pass2/2017/Sig/Raw/m120/ws_TTH/output_ttHJetToGG_M120_TuneCP5_13TeV-amcatnloFXFX-madspin-pythia8_8_TTH.root (Input/output error)
Error in <TFile::Init>: /eos/home-n/nschroed/Higgs_Mass_UL/WorkspaceTest/Pass2/2017/Sig/Raw/m120/ws_TTH/output_ttHJetToGG_M120_TuneCP5_13TeV-amcatnloFXFX-madspin-pythia8_8_TTH.root failed to read the file type data.

 *** Break *** segmentation violation



===========================================================
There was a crash.
This is the entire stack trace of all threads:
===========================================================
#0  0x00002b7c51c9b60c in waitpid () from /lib64/libc.so.6
#1  0x00002b7c51c18f62 in do_system () from /lib64/libc.so.6
#2  0x00002b7c4ecb1e9d in TUnixSystem::StackTrace() () from /cvmfs/cms.cern.ch/slc7_amd64_gcc700/cms/cmssw/CMSSW_10_6_8/external/slc7_amd64_gcc700/lib/libCore.so
#3  0x00002b7c4ecb4744 in TUnixSystem::DispatchSignals(ESignals) () from /cvmfs/cms.cern.ch/slc7_amd64_gcc700/cms/cmssw/CMSSW_10_6_8/external/slc7_amd64_gcc700/lib/libCore.so
#4  <signal handler called>
#5  0x0000000000409a04 in WorkspaceCombiner::MergeWorkspaces() ()
#6  0x0000000000406588 in main ()
===========================================================


The lines below might hint at the cause of the crash.
You may get help by asking at the ROOT forum http://root.cern.ch/forum
Only if you are really convinced it is a bug in ROOT then please submit a
report at http://root.cern.ch/bugs Please post the ENTIRE stack trace
from above as an attachment in addition to anything else
that might help us fixing this issue.
===========================================================
#5  0x0000000000409a04 in WorkspaceCombiner::MergeWorkspaces() ()
#6  0x0000000000406588 in main ()
===========================================================


